<?xml version="1.0" encoding="UTF-8"?>
<testng-results ignored="0" total="1" passed="1" failed="0" skipped="0">
  <reporter-output>
  </reporter-output>
  <suite started-at="2023-12-19T15:13:02 IST" name="Default suite" finished-at="2023-12-19T15:13:06 IST" duration-ms="4140">
    <groups>
    </groups>
    <test started-at="2023-12-19T15:13:02 IST" name="Default test" finished-at="2023-12-19T15:13:06 IST" duration-ms="4140">
      <class name="multiple_environments.DeleteDemo">
        <test-method signature="deleteResource()[pri:0, instance:multiple_environments.DeleteDemo@74e52303]" started-at="2023-12-19T15:13:02 IST" name="deleteResource" finished-at="2023-12-19T15:13:06 IST" duration-ms="4040" status="PASS">
          <reporter-output>
          </reporter-output>
        </test-method> <!-- deleteResource -->
      </class> <!-- multiple_environments.DeleteDemo -->
    </test> <!-- Default test -->
  </suite> <!-- Default suite -->
</testng-results>
